<?xml version="1.0" encoding="UTF-8"?>
<!-- Generated by org.testng.reporters.JUnitReportReporter -->
<testsuite hostname="LAPTOP-LO71UU1I" failures="0" tests="1" name="Zerodha_Kite_TestClasses.TC011_VerifyWePlacedCoverOrderOnlyStopLossFieldEnabled" time="14.597" errors="0" timestamp="2022-08-21T00:02:52 IST" skipped="0">
  <testcase classname="Zerodha_Kite_TestClasses.TC011_VerifyWePlacedCoverOrderOnlyStopLossFieldEnabled" name="VerifyWePlacedCoverOrderOnlyStopLossFieldEnabled" time="14.597"/>
  <system-out/>
</testsuite> <!-- Zerodha_Kite_TestClasses.TC011_VerifyWePlacedCoverOrderOnlyStopLossFieldEnabled -->
