<?xml version="1.0" encoding="UTF-8"?>
<!-- Generated by org.testng.reporters.JUnitReportReporter -->
<testsuite hostname="LAPTOP-LO71UU1I" failures="0" tests="1" name="Zerodha_Kite_TestClasses.VerifyLogInFuctionality" time="9.432" errors="0" timestamp="2022-07-30T22:37:47 IST" skipped="0">
  <testcase classname="Zerodha_Kite_TestClasses.VerifyLogInFuctionality" name="VerifyLogInFuctionality" time="9.432"/>
  <system-out/>
</testsuite> <!-- Zerodha_Kite_TestClasses.VerifyLogInFuctionality -->
