<?xml version="1.0" encoding="UTF-8"?>
<!-- Generated by org.testng.reporters.JUnitReportReporter -->
<testsuite hostname="LAPTOP-LO71UU1I" failures="0" tests="1" name="Zerodha_Kite_TestClasses.TC003_VerifyHoldingsTagByClickingOnIt" time="10.904" errors="0" timestamp="2022-08-21T09:58:09 IST" skipped="0">
  <testcase classname="Zerodha_Kite_TestClasses.TC003_VerifyHoldingsTagByClickingOnIt" name="VerifyHoldingsTagByClickingOnIt" time="10.904"/>
  <system-out/>
</testsuite> <!-- Zerodha_Kite_TestClasses.TC003_VerifyHoldingsTagByClickingOnIt -->
