<?xml version="1.0" encoding="UTF-8"?>
<!-- Generated by org.testng.reporters.JUnitReportReporter -->
<testsuite hostname="LAPTOP-LO71UU1I" failures="0" tests="1" name="Zerodha_Kite_TestClasses.VerifyAppTabByClickingOnIt" time="16.001" errors="0" timestamp="2022-07-27T00:02:11 IST" skipped="0">
  <testcase classname="Zerodha_Kite_TestClasses.VerifyAppTabByClickingOnIt" name="VerifyAppTabByClickingOnIt" time="16.001"/>
  <system-out/>
</testsuite> <!-- Zerodha_Kite_TestClasses.VerifyAppTabByClickingOnIt -->
